ARM GAS  C:\Users\JAKOBW~1\AppData\Local\Temp\ccLoSWvQ.s 			page 1


   1              		.syntax unified
   2              		.cpu cortex-m3
   3              		.fpu softvfp
   4              		.eabi_attribute 20, 1
   5              		.eabi_attribute 21, 1
   6              		.eabi_attribute 23, 3
   7              		.eabi_attribute 24, 1
   8              		.eabi_attribute 25, 1
   9              		.eabi_attribute 26, 1
  10              		.eabi_attribute 30, 6
  11              		.eabi_attribute 34, 1
  12              		.eabi_attribute 18, 4
  13              		.thumb
  14              		.file	"ADC_DelSig_1_INT.c"
  15              		.text
  16              	.Ltext0:
  17              		.cfi_sections	.debug_frame
  18              		.section	.text.ADC_DelSig_1_ISR1,"ax",%progbits
  19              		.align	2
  20              		.global	ADC_DelSig_1_ISR1
  21              		.thumb
  22              		.thumb_func
  23              		.type	ADC_DelSig_1_ISR1, %function
  24              	ADC_DelSig_1_ISR1:
  25              	.LFB0:
  26              		.file 1 ".\\Generated_Source\\PSoC5\\ADC_DelSig_1_INT.c"
   1:.\Generated_Source\PSoC5/ADC_DelSig_1_INT.c **** /*******************************************************************************
   2:.\Generated_Source\PSoC5/ADC_DelSig_1_INT.c **** * File Name: ADC_DelSig_1_INT.c
   3:.\Generated_Source\PSoC5/ADC_DelSig_1_INT.c **** * Version 3.0
   4:.\Generated_Source\PSoC5/ADC_DelSig_1_INT.c **** *
   5:.\Generated_Source\PSoC5/ADC_DelSig_1_INT.c **** * Description:
   6:.\Generated_Source\PSoC5/ADC_DelSig_1_INT.c **** *  This file contains the code that operates during the ADC_DelSig interrupt
   7:.\Generated_Source\PSoC5/ADC_DelSig_1_INT.c **** *  service routine.
   8:.\Generated_Source\PSoC5/ADC_DelSig_1_INT.c **** *
   9:.\Generated_Source\PSoC5/ADC_DelSig_1_INT.c **** * Note:
  10:.\Generated_Source\PSoC5/ADC_DelSig_1_INT.c **** *
  11:.\Generated_Source\PSoC5/ADC_DelSig_1_INT.c **** ********************************************************************************
  12:.\Generated_Source\PSoC5/ADC_DelSig_1_INT.c **** * Copyright 2008-2013, Cypress Semiconductor Corporation.  All rights reserved.
  13:.\Generated_Source\PSoC5/ADC_DelSig_1_INT.c **** * You may use this file only in accordance with the license, terms, conditions,
  14:.\Generated_Source\PSoC5/ADC_DelSig_1_INT.c **** * disclaimers, and limitations in the end user license agreement accompanying
  15:.\Generated_Source\PSoC5/ADC_DelSig_1_INT.c **** * the software package with which this file was provided.
  16:.\Generated_Source\PSoC5/ADC_DelSig_1_INT.c **** *******************************************************************************/
  17:.\Generated_Source\PSoC5/ADC_DelSig_1_INT.c **** 
  18:.\Generated_Source\PSoC5/ADC_DelSig_1_INT.c **** #include "ADC_DelSig_1.h"
  19:.\Generated_Source\PSoC5/ADC_DelSig_1_INT.c **** 
  20:.\Generated_Source\PSoC5/ADC_DelSig_1_INT.c **** 
  21:.\Generated_Source\PSoC5/ADC_DelSig_1_INT.c **** /*******************************************************************************
  22:.\Generated_Source\PSoC5/ADC_DelSig_1_INT.c **** * Custom Declarations and Variables
  23:.\Generated_Source\PSoC5/ADC_DelSig_1_INT.c **** * - add user include files, prototypes and variables between the following
  24:.\Generated_Source\PSoC5/ADC_DelSig_1_INT.c **** *   #START and #END tags
  25:.\Generated_Source\PSoC5/ADC_DelSig_1_INT.c **** *******************************************************************************/
  26:.\Generated_Source\PSoC5/ADC_DelSig_1_INT.c **** /* `#START ADC_SYS_VAR`  */
  27:.\Generated_Source\PSoC5/ADC_DelSig_1_INT.c **** 
  28:.\Generated_Source\PSoC5/ADC_DelSig_1_INT.c **** /* `#END`  */
  29:.\Generated_Source\PSoC5/ADC_DelSig_1_INT.c **** 
  30:.\Generated_Source\PSoC5/ADC_DelSig_1_INT.c **** 
  31:.\Generated_Source\PSoC5/ADC_DelSig_1_INT.c **** #if(ADC_DelSig_1_IRQ_REMOVE == 0u)
ARM GAS  C:\Users\JAKOBW~1\AppData\Local\Temp\ccLoSWvQ.s 			page 2


  32:.\Generated_Source\PSoC5/ADC_DelSig_1_INT.c **** 
  33:.\Generated_Source\PSoC5/ADC_DelSig_1_INT.c **** 
  34:.\Generated_Source\PSoC5/ADC_DelSig_1_INT.c ****     /*****************************************************************************
  35:.\Generated_Source\PSoC5/ADC_DelSig_1_INT.c ****     * Function Name: ADC_DelSig_1_ISR1
  36:.\Generated_Source\PSoC5/ADC_DelSig_1_INT.c ****     ******************************************************************************
  37:.\Generated_Source\PSoC5/ADC_DelSig_1_INT.c ****     *
  38:.\Generated_Source\PSoC5/ADC_DelSig_1_INT.c ****     * Summary:
  39:.\Generated_Source\PSoC5/ADC_DelSig_1_INT.c ****     *  Handle Interrupt Service Routine.
  40:.\Generated_Source\PSoC5/ADC_DelSig_1_INT.c ****     *
  41:.\Generated_Source\PSoC5/ADC_DelSig_1_INT.c ****     * Parameters:
  42:.\Generated_Source\PSoC5/ADC_DelSig_1_INT.c ****     *  None
  43:.\Generated_Source\PSoC5/ADC_DelSig_1_INT.c ****     *
  44:.\Generated_Source\PSoC5/ADC_DelSig_1_INT.c ****     * Return:
  45:.\Generated_Source\PSoC5/ADC_DelSig_1_INT.c ****     *  None
  46:.\Generated_Source\PSoC5/ADC_DelSig_1_INT.c ****     *
  47:.\Generated_Source\PSoC5/ADC_DelSig_1_INT.c ****     * Reentrant:
  48:.\Generated_Source\PSoC5/ADC_DelSig_1_INT.c ****     *  No
  49:.\Generated_Source\PSoC5/ADC_DelSig_1_INT.c ****     *
  50:.\Generated_Source\PSoC5/ADC_DelSig_1_INT.c ****     *****************************************************************************/
  51:.\Generated_Source\PSoC5/ADC_DelSig_1_INT.c ****     CY_ISR( ADC_DelSig_1_ISR1)
  52:.\Generated_Source\PSoC5/ADC_DelSig_1_INT.c ****     {
  27              		.loc 1 52 0
  28              		.cfi_startproc
  29              		@ args = 0, pretend = 0, frame = 0
  30              		@ frame_needed = 1, uses_anonymous_args = 0
  31              		@ link register save eliminated.
  32 0000 80B4     		push	{r7}
  33              		.cfi_def_cfa_offset 4
  34              		.cfi_offset 7, -4
  35 0002 00AF     		add	r7, sp, #0
  36              		.cfi_def_cfa_register 7
  53:.\Generated_Source\PSoC5/ADC_DelSig_1_INT.c ****         /**************************************************************************
  54:.\Generated_Source\PSoC5/ADC_DelSig_1_INT.c ****         *  Custom Code
  55:.\Generated_Source\PSoC5/ADC_DelSig_1_INT.c ****         *  - add user ISR code between the following #START and #END tags
  56:.\Generated_Source\PSoC5/ADC_DelSig_1_INT.c ****         **************************************************************************/
  57:.\Generated_Source\PSoC5/ADC_DelSig_1_INT.c ****         /* `#START MAIN_ADC_ISR1`  */
  58:.\Generated_Source\PSoC5/ADC_DelSig_1_INT.c **** 
  59:.\Generated_Source\PSoC5/ADC_DelSig_1_INT.c ****         /* `#END`  */
  60:.\Generated_Source\PSoC5/ADC_DelSig_1_INT.c **** 
  61:.\Generated_Source\PSoC5/ADC_DelSig_1_INT.c ****         /* Stop the conversion if conversion mode is single sample and resolution
  62:.\Generated_Source\PSoC5/ADC_DelSig_1_INT.c ****         *  is above 16 bits.
  63:.\Generated_Source\PSoC5/ADC_DelSig_1_INT.c ****         */
  64:.\Generated_Source\PSoC5/ADC_DelSig_1_INT.c ****         #if(ADC_DelSig_1_CFG1_RESOLUTION > 16 && \
  65:.\Generated_Source\PSoC5/ADC_DelSig_1_INT.c ****             ADC_DelSig_1_CFG1_CONV_MODE == ADC_DelSig_1_MODE_SINGLE_SAMPLE)
  66:.\Generated_Source\PSoC5/ADC_DelSig_1_INT.c ****             ADC_DelSig_1_StopConvert();
  67:.\Generated_Source\PSoC5/ADC_DelSig_1_INT.c ****             /* Software flag for checking conversion complete or not. Will be used when
  68:.\Generated_Source\PSoC5/ADC_DelSig_1_INT.c ****             *  resolution is above 16 bits and conversion mode is single sample 
  69:.\Generated_Source\PSoC5/ADC_DelSig_1_INT.c **** 			*/
  70:.\Generated_Source\PSoC5/ADC_DelSig_1_INT.c ****             ADC_DelSig_1_convDone = ADC_DelSig_1_DEC_CONV_DONE;
  71:.\Generated_Source\PSoC5/ADC_DelSig_1_INT.c ****         #endif /* Single sample conversion mode with resolution above 16 bits */
  72:.\Generated_Source\PSoC5/ADC_DelSig_1_INT.c **** 
  73:.\Generated_Source\PSoC5/ADC_DelSig_1_INT.c ****     }
  37              		.loc 1 73 0
  38 0004 BD46     		mov	sp, r7
  39              		.cfi_def_cfa_register 13
  40              		@ sp needed
  41 0006 5DF8047B 		ldr	r7, [sp], #4
ARM GAS  C:\Users\JAKOBW~1\AppData\Local\Temp\ccLoSWvQ.s 			page 3


  42              		.cfi_restore 7
  43              		.cfi_def_cfa_offset 0
  44 000a 7047     		bx	lr
  45              		.cfi_endproc
  46              	.LFE0:
  47              		.size	ADC_DelSig_1_ISR1, .-ADC_DelSig_1_ISR1
  48              		.section	.text.ADC_DelSig_1_ISR2,"ax",%progbits
  49              		.align	2
  50              		.global	ADC_DelSig_1_ISR2
  51              		.thumb
  52              		.thumb_func
  53              		.type	ADC_DelSig_1_ISR2, %function
  54              	ADC_DelSig_1_ISR2:
  55              	.LFB1:
  74:.\Generated_Source\PSoC5/ADC_DelSig_1_INT.c **** 
  75:.\Generated_Source\PSoC5/ADC_DelSig_1_INT.c **** 
  76:.\Generated_Source\PSoC5/ADC_DelSig_1_INT.c ****     /*****************************************************************************
  77:.\Generated_Source\PSoC5/ADC_DelSig_1_INT.c ****     * Function Name: ADC_DelSig_1_ISR2
  78:.\Generated_Source\PSoC5/ADC_DelSig_1_INT.c ****     ******************************************************************************
  79:.\Generated_Source\PSoC5/ADC_DelSig_1_INT.c ****     *
  80:.\Generated_Source\PSoC5/ADC_DelSig_1_INT.c ****     * Summary:
  81:.\Generated_Source\PSoC5/ADC_DelSig_1_INT.c ****     *  Handle Interrupt Service Routine.
  82:.\Generated_Source\PSoC5/ADC_DelSig_1_INT.c ****     *
  83:.\Generated_Source\PSoC5/ADC_DelSig_1_INT.c ****     * Parameters:
  84:.\Generated_Source\PSoC5/ADC_DelSig_1_INT.c ****     *  None
  85:.\Generated_Source\PSoC5/ADC_DelSig_1_INT.c ****     *
  86:.\Generated_Source\PSoC5/ADC_DelSig_1_INT.c ****     * Return:
  87:.\Generated_Source\PSoC5/ADC_DelSig_1_INT.c ****     *  None
  88:.\Generated_Source\PSoC5/ADC_DelSig_1_INT.c ****     *
  89:.\Generated_Source\PSoC5/ADC_DelSig_1_INT.c ****     * Reentrant:
  90:.\Generated_Source\PSoC5/ADC_DelSig_1_INT.c ****     *  No
  91:.\Generated_Source\PSoC5/ADC_DelSig_1_INT.c ****     *
  92:.\Generated_Source\PSoC5/ADC_DelSig_1_INT.c ****     *****************************************************************************/
  93:.\Generated_Source\PSoC5/ADC_DelSig_1_INT.c ****     CY_ISR( ADC_DelSig_1_ISR2)
  94:.\Generated_Source\PSoC5/ADC_DelSig_1_INT.c ****     {
  56              		.loc 1 94 0
  57              		.cfi_startproc
  58              		@ args = 0, pretend = 0, frame = 0
  59              		@ frame_needed = 1, uses_anonymous_args = 0
  60              		@ link register save eliminated.
  61 0000 80B4     		push	{r7}
  62              		.cfi_def_cfa_offset 4
  63              		.cfi_offset 7, -4
  64 0002 00AF     		add	r7, sp, #0
  65              		.cfi_def_cfa_register 7
  95:.\Generated_Source\PSoC5/ADC_DelSig_1_INT.c ****         /***************************************************************************
  96:.\Generated_Source\PSoC5/ADC_DelSig_1_INT.c ****         *  Custom Code
  97:.\Generated_Source\PSoC5/ADC_DelSig_1_INT.c ****         *  - add user ISR code between the following #START and #END tags
  98:.\Generated_Source\PSoC5/ADC_DelSig_1_INT.c ****         **************************************************************************/
  99:.\Generated_Source\PSoC5/ADC_DelSig_1_INT.c ****         /* `#START MAIN_ADC_ISR2`  */
 100:.\Generated_Source\PSoC5/ADC_DelSig_1_INT.c **** 
 101:.\Generated_Source\PSoC5/ADC_DelSig_1_INT.c ****         /* `#END`  */
 102:.\Generated_Source\PSoC5/ADC_DelSig_1_INT.c **** 
 103:.\Generated_Source\PSoC5/ADC_DelSig_1_INT.c ****         /* Stop the conversion conversion mode is single sample and resolution
 104:.\Generated_Source\PSoC5/ADC_DelSig_1_INT.c ****         *  is above 16 bits.
 105:.\Generated_Source\PSoC5/ADC_DelSig_1_INT.c ****         */
 106:.\Generated_Source\PSoC5/ADC_DelSig_1_INT.c ****         #if(ADC_DelSig_1_CFG2_RESOLUTION > 16 && \
ARM GAS  C:\Users\JAKOBW~1\AppData\Local\Temp\ccLoSWvQ.s 			page 4


 107:.\Generated_Source\PSoC5/ADC_DelSig_1_INT.c ****             ADC_DelSig_1_CFG2_CONVMODE == ADC_DelSig_1_MODE_SINGLE_SAMPLE)
 108:.\Generated_Source\PSoC5/ADC_DelSig_1_INT.c ****             ADC_DelSig_1_StopConvert();
 109:.\Generated_Source\PSoC5/ADC_DelSig_1_INT.c ****             /* Software flag for checking conversion complete or not. Will be used when
 110:.\Generated_Source\PSoC5/ADC_DelSig_1_INT.c ****             *   resolution is above 16 bits and conversion mode is single sample 
 111:.\Generated_Source\PSoC5/ADC_DelSig_1_INT.c **** 			*/
 112:.\Generated_Source\PSoC5/ADC_DelSig_1_INT.c ****             ADC_DelSig_1_convDone = ADC_DelSig_1_DEC_CONV_DONE;
 113:.\Generated_Source\PSoC5/ADC_DelSig_1_INT.c ****         #endif /* Single sample conversion mode with resolution above 16 bits */
 114:.\Generated_Source\PSoC5/ADC_DelSig_1_INT.c **** 
 115:.\Generated_Source\PSoC5/ADC_DelSig_1_INT.c ****     }
  66              		.loc 1 115 0
  67 0004 BD46     		mov	sp, r7
  68              		.cfi_def_cfa_register 13
  69              		@ sp needed
  70 0006 5DF8047B 		ldr	r7, [sp], #4
  71              		.cfi_restore 7
  72              		.cfi_def_cfa_offset 0
  73 000a 7047     		bx	lr
  74              		.cfi_endproc
  75              	.LFE1:
  76              		.size	ADC_DelSig_1_ISR2, .-ADC_DelSig_1_ISR2
  77              		.section	.text.ADC_DelSig_1_ISR3,"ax",%progbits
  78              		.align	2
  79              		.global	ADC_DelSig_1_ISR3
  80              		.thumb
  81              		.thumb_func
  82              		.type	ADC_DelSig_1_ISR3, %function
  83              	ADC_DelSig_1_ISR3:
  84              	.LFB2:
 116:.\Generated_Source\PSoC5/ADC_DelSig_1_INT.c **** 
 117:.\Generated_Source\PSoC5/ADC_DelSig_1_INT.c **** 
 118:.\Generated_Source\PSoC5/ADC_DelSig_1_INT.c ****     /*****************************************************************************
 119:.\Generated_Source\PSoC5/ADC_DelSig_1_INT.c ****     * Function Name: ADC_DelSig_1_ISR3
 120:.\Generated_Source\PSoC5/ADC_DelSig_1_INT.c ****     ******************************************************************************
 121:.\Generated_Source\PSoC5/ADC_DelSig_1_INT.c ****     *
 122:.\Generated_Source\PSoC5/ADC_DelSig_1_INT.c ****     * Summary:
 123:.\Generated_Source\PSoC5/ADC_DelSig_1_INT.c ****     *  Handle Interrupt Service Routine.
 124:.\Generated_Source\PSoC5/ADC_DelSig_1_INT.c ****     *
 125:.\Generated_Source\PSoC5/ADC_DelSig_1_INT.c ****     * Parameters:
 126:.\Generated_Source\PSoC5/ADC_DelSig_1_INT.c ****     *  None
 127:.\Generated_Source\PSoC5/ADC_DelSig_1_INT.c ****     *
 128:.\Generated_Source\PSoC5/ADC_DelSig_1_INT.c ****     * Return:
 129:.\Generated_Source\PSoC5/ADC_DelSig_1_INT.c ****     *  None
 130:.\Generated_Source\PSoC5/ADC_DelSig_1_INT.c ****     *
 131:.\Generated_Source\PSoC5/ADC_DelSig_1_INT.c ****     * Reentrant:
 132:.\Generated_Source\PSoC5/ADC_DelSig_1_INT.c ****     *  No
 133:.\Generated_Source\PSoC5/ADC_DelSig_1_INT.c ****     *
 134:.\Generated_Source\PSoC5/ADC_DelSig_1_INT.c ****     *****************************************************************************/
 135:.\Generated_Source\PSoC5/ADC_DelSig_1_INT.c ****     CY_ISR( ADC_DelSig_1_ISR3)
 136:.\Generated_Source\PSoC5/ADC_DelSig_1_INT.c ****     {
  85              		.loc 1 136 0
  86              		.cfi_startproc
  87              		@ args = 0, pretend = 0, frame = 0
  88              		@ frame_needed = 1, uses_anonymous_args = 0
  89              		@ link register save eliminated.
  90 0000 80B4     		push	{r7}
  91              		.cfi_def_cfa_offset 4
  92              		.cfi_offset 7, -4
ARM GAS  C:\Users\JAKOBW~1\AppData\Local\Temp\ccLoSWvQ.s 			page 5


  93 0002 00AF     		add	r7, sp, #0
  94              		.cfi_def_cfa_register 7
 137:.\Generated_Source\PSoC5/ADC_DelSig_1_INT.c ****         /***************************************************************************
 138:.\Generated_Source\PSoC5/ADC_DelSig_1_INT.c ****         *  Custom Code
 139:.\Generated_Source\PSoC5/ADC_DelSig_1_INT.c ****         *  - add user ISR code between the following #START and #END tags
 140:.\Generated_Source\PSoC5/ADC_DelSig_1_INT.c ****         **************************************************************************/
 141:.\Generated_Source\PSoC5/ADC_DelSig_1_INT.c ****         /* `#START MAIN_ADC_ISR3`  */
 142:.\Generated_Source\PSoC5/ADC_DelSig_1_INT.c **** 
 143:.\Generated_Source\PSoC5/ADC_DelSig_1_INT.c ****         /* `#END`  */
 144:.\Generated_Source\PSoC5/ADC_DelSig_1_INT.c **** 
 145:.\Generated_Source\PSoC5/ADC_DelSig_1_INT.c ****         /* Stop the conversion if conversion mode is set to single sample and
 146:.\Generated_Source\PSoC5/ADC_DelSig_1_INT.c ****         *  resolution is above 16 bits.
 147:.\Generated_Source\PSoC5/ADC_DelSig_1_INT.c ****         */
 148:.\Generated_Source\PSoC5/ADC_DelSig_1_INT.c ****         #if(ADC_DelSig_1_CFG3_RESOLUTION > 16 && \
 149:.\Generated_Source\PSoC5/ADC_DelSig_1_INT.c ****             ADC_DelSig_1_CFG3_CONVMODE == ADC_DelSig_1_MODE_SINGLE_SAMPLE)
 150:.\Generated_Source\PSoC5/ADC_DelSig_1_INT.c ****             ADC_DelSig_1_StopConvert();
 151:.\Generated_Source\PSoC5/ADC_DelSig_1_INT.c ****             /* Software flag for checking conversion complete or not. Will be used when
 152:.\Generated_Source\PSoC5/ADC_DelSig_1_INT.c ****             *  resolution is above 16 bits and conversion mode is single sample 
 153:.\Generated_Source\PSoC5/ADC_DelSig_1_INT.c **** 			*/
 154:.\Generated_Source\PSoC5/ADC_DelSig_1_INT.c ****             ADC_DelSig_1_convDone = ADC_DelSig_1_DEC_CONV_DONE;
 155:.\Generated_Source\PSoC5/ADC_DelSig_1_INT.c ****         #endif /* Single sample conversion mode with resolution above 16 bits */
 156:.\Generated_Source\PSoC5/ADC_DelSig_1_INT.c ****     }
  95              		.loc 1 156 0
  96 0004 BD46     		mov	sp, r7
  97              		.cfi_def_cfa_register 13
  98              		@ sp needed
  99 0006 5DF8047B 		ldr	r7, [sp], #4
 100              		.cfi_restore 7
 101              		.cfi_def_cfa_offset 0
 102 000a 7047     		bx	lr
 103              		.cfi_endproc
 104              	.LFE2:
 105              		.size	ADC_DelSig_1_ISR3, .-ADC_DelSig_1_ISR3
 106              		.section	.text.ADC_DelSig_1_ISR4,"ax",%progbits
 107              		.align	2
 108              		.global	ADC_DelSig_1_ISR4
 109              		.thumb
 110              		.thumb_func
 111              		.type	ADC_DelSig_1_ISR4, %function
 112              	ADC_DelSig_1_ISR4:
 113              	.LFB3:
 157:.\Generated_Source\PSoC5/ADC_DelSig_1_INT.c **** 
 158:.\Generated_Source\PSoC5/ADC_DelSig_1_INT.c **** 
 159:.\Generated_Source\PSoC5/ADC_DelSig_1_INT.c ****     /*****************************************************************************
 160:.\Generated_Source\PSoC5/ADC_DelSig_1_INT.c ****     * Function Name: ADC_DelSig_1_ISR4
 161:.\Generated_Source\PSoC5/ADC_DelSig_1_INT.c ****     ******************************************************************************
 162:.\Generated_Source\PSoC5/ADC_DelSig_1_INT.c ****     *
 163:.\Generated_Source\PSoC5/ADC_DelSig_1_INT.c ****     * Summary:
 164:.\Generated_Source\PSoC5/ADC_DelSig_1_INT.c ****     *  Handle Interrupt Service Routine.
 165:.\Generated_Source\PSoC5/ADC_DelSig_1_INT.c ****     *
 166:.\Generated_Source\PSoC5/ADC_DelSig_1_INT.c ****     * Parameters:
 167:.\Generated_Source\PSoC5/ADC_DelSig_1_INT.c ****     *  None
 168:.\Generated_Source\PSoC5/ADC_DelSig_1_INT.c ****     *
 169:.\Generated_Source\PSoC5/ADC_DelSig_1_INT.c ****     * Return:
 170:.\Generated_Source\PSoC5/ADC_DelSig_1_INT.c ****     *  None
 171:.\Generated_Source\PSoC5/ADC_DelSig_1_INT.c ****     *
 172:.\Generated_Source\PSoC5/ADC_DelSig_1_INT.c ****     * Reentrant:
ARM GAS  C:\Users\JAKOBW~1\AppData\Local\Temp\ccLoSWvQ.s 			page 6


 173:.\Generated_Source\PSoC5/ADC_DelSig_1_INT.c ****     *  No
 174:.\Generated_Source\PSoC5/ADC_DelSig_1_INT.c ****     *
 175:.\Generated_Source\PSoC5/ADC_DelSig_1_INT.c ****     *****************************************************************************/
 176:.\Generated_Source\PSoC5/ADC_DelSig_1_INT.c ****     CY_ISR( ADC_DelSig_1_ISR4)
 177:.\Generated_Source\PSoC5/ADC_DelSig_1_INT.c ****     {
 114              		.loc 1 177 0
 115              		.cfi_startproc
 116              		@ args = 0, pretend = 0, frame = 0
 117              		@ frame_needed = 1, uses_anonymous_args = 0
 118              		@ link register save eliminated.
 119 0000 80B4     		push	{r7}
 120              		.cfi_def_cfa_offset 4
 121              		.cfi_offset 7, -4
 122 0002 00AF     		add	r7, sp, #0
 123              		.cfi_def_cfa_register 7
 178:.\Generated_Source\PSoC5/ADC_DelSig_1_INT.c ****         /***************************************************************************
 179:.\Generated_Source\PSoC5/ADC_DelSig_1_INT.c ****         *  Custom Code
 180:.\Generated_Source\PSoC5/ADC_DelSig_1_INT.c ****         *  - add user ISR code between the following #START and #END tags
 181:.\Generated_Source\PSoC5/ADC_DelSig_1_INT.c ****         **************************************************************************/
 182:.\Generated_Source\PSoC5/ADC_DelSig_1_INT.c ****         /* `#START MAIN_ADC_ISR4`  */
 183:.\Generated_Source\PSoC5/ADC_DelSig_1_INT.c **** 
 184:.\Generated_Source\PSoC5/ADC_DelSig_1_INT.c ****         /* `#END`  */
 185:.\Generated_Source\PSoC5/ADC_DelSig_1_INT.c **** 
 186:.\Generated_Source\PSoC5/ADC_DelSig_1_INT.c ****         /* Stop the conversion if conversion mode is set to single sample and
 187:.\Generated_Source\PSoC5/ADC_DelSig_1_INT.c ****         *  resolution is above 16 bits.
 188:.\Generated_Source\PSoC5/ADC_DelSig_1_INT.c ****         */
 189:.\Generated_Source\PSoC5/ADC_DelSig_1_INT.c ****         #if(ADC_DelSig_1_CFG4_RESOLUTION > 16 && \
 190:.\Generated_Source\PSoC5/ADC_DelSig_1_INT.c ****             ADC_DelSig_1_CFG4_CONVMODE == ADC_DelSig_1_MODE_SINGLE_SAMPLE)
 191:.\Generated_Source\PSoC5/ADC_DelSig_1_INT.c ****             ADC_DelSig_1_StopConvert();
 192:.\Generated_Source\PSoC5/ADC_DelSig_1_INT.c ****             /* Software flag for checking conversion complete or not. Will be used when
 193:.\Generated_Source\PSoC5/ADC_DelSig_1_INT.c ****             *  resolution is above 16 bits and conversion mode is single sample 
 194:.\Generated_Source\PSoC5/ADC_DelSig_1_INT.c **** 			*/
 195:.\Generated_Source\PSoC5/ADC_DelSig_1_INT.c ****             ADC_DelSig_1_convDone = ADC_DelSig_1_DEC_CONV_DONE;
 196:.\Generated_Source\PSoC5/ADC_DelSig_1_INT.c ****         #endif /* Single sample conversion mode with resolution above 16 bits */
 197:.\Generated_Source\PSoC5/ADC_DelSig_1_INT.c ****     }
 124              		.loc 1 197 0
 125 0004 BD46     		mov	sp, r7
 126              		.cfi_def_cfa_register 13
 127              		@ sp needed
 128 0006 5DF8047B 		ldr	r7, [sp], #4
 129              		.cfi_restore 7
 130              		.cfi_def_cfa_offset 0
 131 000a 7047     		bx	lr
 132              		.cfi_endproc
 133              	.LFE3:
 134              		.size	ADC_DelSig_1_ISR4, .-ADC_DelSig_1_ISR4
 135              		.text
 136              	.Letext0:
 137              		.section	.debug_info,"",%progbits
 138              	.Ldebug_info0:
 139 0000 C8000000 		.4byte	0xc8
 140 0004 0400     		.2byte	0x4
 141 0006 00000000 		.4byte	.Ldebug_abbrev0
 142 000a 04       		.byte	0x4
 143 000b 01       		.uleb128 0x1
 144 000c 21010000 		.4byte	.LASF17
 145 0010 01       		.byte	0x1
ARM GAS  C:\Users\JAKOBW~1\AppData\Local\Temp\ccLoSWvQ.s 			page 7


 146 0011 AF010000 		.4byte	.LASF18
 147 0015 20000000 		.4byte	.LASF19
 148 0019 00000000 		.4byte	.Ldebug_ranges0+0
 149 001d 00000000 		.4byte	0
 150 0021 00000000 		.4byte	.Ldebug_line0
 151 0025 02       		.uleb128 0x2
 152 0026 01       		.byte	0x1
 153 0027 06       		.byte	0x6
 154 0028 F5010000 		.4byte	.LASF0
 155 002c 02       		.uleb128 0x2
 156 002d 01       		.byte	0x1
 157 002e 08       		.byte	0x8
 158 002f 05010000 		.4byte	.LASF1
 159 0033 02       		.uleb128 0x2
 160 0034 02       		.byte	0x2
 161 0035 05       		.byte	0x5
 162 0036 07020000 		.4byte	.LASF2
 163 003a 02       		.uleb128 0x2
 164 003b 02       		.byte	0x2
 165 003c 07       		.byte	0x7
 166 003d E2010000 		.4byte	.LASF3
 167 0041 02       		.uleb128 0x2
 168 0042 04       		.byte	0x4
 169 0043 05       		.byte	0x5
 170 0044 18010000 		.4byte	.LASF4
 171 0048 02       		.uleb128 0x2
 172 0049 04       		.byte	0x4
 173 004a 07       		.byte	0x7
 174 004b A6000000 		.4byte	.LASF5
 175 004f 02       		.uleb128 0x2
 176 0050 08       		.byte	0x8
 177 0051 05       		.byte	0x5
 178 0052 00000000 		.4byte	.LASF6
 179 0056 02       		.uleb128 0x2
 180 0057 08       		.byte	0x8
 181 0058 07       		.byte	0x7
 182 0059 CA000000 		.4byte	.LASF7
 183 005d 03       		.uleb128 0x3
 184 005e 04       		.byte	0x4
 185 005f 05       		.byte	0x5
 186 0060 696E7400 		.ascii	"int\000"
 187 0064 02       		.uleb128 0x2
 188 0065 04       		.byte	0x4
 189 0066 07       		.byte	0x7
 190 0067 11020000 		.4byte	.LASF8
 191 006b 02       		.uleb128 0x2
 192 006c 04       		.byte	0x4
 193 006d 04       		.byte	0x4
 194 006e 01020000 		.4byte	.LASF9
 195 0072 02       		.uleb128 0x2
 196 0073 08       		.byte	0x8
 197 0074 04       		.byte	0x4
 198 0075 DB010000 		.4byte	.LASF10
 199 0079 02       		.uleb128 0x2
 200 007a 01       		.byte	0x1
 201 007b 08       		.byte	0x8
 202 007c 13010000 		.4byte	.LASF11
ARM GAS  C:\Users\JAKOBW~1\AppData\Local\Temp\ccLoSWvQ.s 			page 8


 203 0080 02       		.uleb128 0x2
 204 0081 04       		.byte	0x4
 205 0082 07       		.byte	0x7
 206 0083 1E020000 		.4byte	.LASF12
 207 0087 04       		.uleb128 0x4
 208 0088 B8000000 		.4byte	.LASF13
 209 008c 01       		.byte	0x1
 210 008d 33       		.byte	0x33
 211 008e 00000000 		.4byte	.LFB0
 212 0092 0C000000 		.4byte	.LFE0-.LFB0
 213 0096 01       		.uleb128 0x1
 214 0097 9C       		.byte	0x9c
 215 0098 04       		.uleb128 0x4
 216 0099 0E000000 		.4byte	.LASF14
 217 009d 01       		.byte	0x1
 218 009e 5D       		.byte	0x5d
 219 009f 00000000 		.4byte	.LFB1
 220 00a3 0C000000 		.4byte	.LFE1-.LFB1
 221 00a7 01       		.uleb128 0x1
 222 00a8 9C       		.byte	0x9c
 223 00a9 04       		.uleb128 0x4
 224 00aa E1000000 		.4byte	.LASF15
 225 00ae 01       		.byte	0x1
 226 00af 87       		.byte	0x87
 227 00b0 00000000 		.4byte	.LFB2
 228 00b4 0C000000 		.4byte	.LFE2-.LFB2
 229 00b8 01       		.uleb128 0x1
 230 00b9 9C       		.byte	0x9c
 231 00ba 04       		.uleb128 0x4
 232 00bb F3000000 		.4byte	.LASF16
 233 00bf 01       		.byte	0x1
 234 00c0 B0       		.byte	0xb0
 235 00c1 00000000 		.4byte	.LFB3
 236 00c5 0C000000 		.4byte	.LFE3-.LFB3
 237 00c9 01       		.uleb128 0x1
 238 00ca 9C       		.byte	0x9c
 239 00cb 00       		.byte	0
 240              		.section	.debug_abbrev,"",%progbits
 241              	.Ldebug_abbrev0:
 242 0000 01       		.uleb128 0x1
 243 0001 11       		.uleb128 0x11
 244 0002 01       		.byte	0x1
 245 0003 25       		.uleb128 0x25
 246 0004 0E       		.uleb128 0xe
 247 0005 13       		.uleb128 0x13
 248 0006 0B       		.uleb128 0xb
 249 0007 03       		.uleb128 0x3
 250 0008 0E       		.uleb128 0xe
 251 0009 1B       		.uleb128 0x1b
 252 000a 0E       		.uleb128 0xe
 253 000b 55       		.uleb128 0x55
 254 000c 17       		.uleb128 0x17
 255 000d 11       		.uleb128 0x11
 256 000e 01       		.uleb128 0x1
 257 000f 10       		.uleb128 0x10
 258 0010 17       		.uleb128 0x17
 259 0011 00       		.byte	0
ARM GAS  C:\Users\JAKOBW~1\AppData\Local\Temp\ccLoSWvQ.s 			page 9


 260 0012 00       		.byte	0
 261 0013 02       		.uleb128 0x2
 262 0014 24       		.uleb128 0x24
 263 0015 00       		.byte	0
 264 0016 0B       		.uleb128 0xb
 265 0017 0B       		.uleb128 0xb
 266 0018 3E       		.uleb128 0x3e
 267 0019 0B       		.uleb128 0xb
 268 001a 03       		.uleb128 0x3
 269 001b 0E       		.uleb128 0xe
 270 001c 00       		.byte	0
 271 001d 00       		.byte	0
 272 001e 03       		.uleb128 0x3
 273 001f 24       		.uleb128 0x24
 274 0020 00       		.byte	0
 275 0021 0B       		.uleb128 0xb
 276 0022 0B       		.uleb128 0xb
 277 0023 3E       		.uleb128 0x3e
 278 0024 0B       		.uleb128 0xb
 279 0025 03       		.uleb128 0x3
 280 0026 08       		.uleb128 0x8
 281 0027 00       		.byte	0
 282 0028 00       		.byte	0
 283 0029 04       		.uleb128 0x4
 284 002a 2E       		.uleb128 0x2e
 285 002b 00       		.byte	0
 286 002c 3F       		.uleb128 0x3f
 287 002d 19       		.uleb128 0x19
 288 002e 03       		.uleb128 0x3
 289 002f 0E       		.uleb128 0xe
 290 0030 3A       		.uleb128 0x3a
 291 0031 0B       		.uleb128 0xb
 292 0032 3B       		.uleb128 0x3b
 293 0033 0B       		.uleb128 0xb
 294 0034 27       		.uleb128 0x27
 295 0035 19       		.uleb128 0x19
 296 0036 11       		.uleb128 0x11
 297 0037 01       		.uleb128 0x1
 298 0038 12       		.uleb128 0x12
 299 0039 06       		.uleb128 0x6
 300 003a 40       		.uleb128 0x40
 301 003b 18       		.uleb128 0x18
 302 003c 9742     		.uleb128 0x2117
 303 003e 19       		.uleb128 0x19
 304 003f 00       		.byte	0
 305 0040 00       		.byte	0
 306 0041 00       		.byte	0
 307              		.section	.debug_aranges,"",%progbits
 308 0000 34000000 		.4byte	0x34
 309 0004 0200     		.2byte	0x2
 310 0006 00000000 		.4byte	.Ldebug_info0
 311 000a 04       		.byte	0x4
 312 000b 00       		.byte	0
 313 000c 0000     		.2byte	0
 314 000e 0000     		.2byte	0
 315 0010 00000000 		.4byte	.LFB0
 316 0014 0C000000 		.4byte	.LFE0-.LFB0
ARM GAS  C:\Users\JAKOBW~1\AppData\Local\Temp\ccLoSWvQ.s 			page 10


 317 0018 00000000 		.4byte	.LFB1
 318 001c 0C000000 		.4byte	.LFE1-.LFB1
 319 0020 00000000 		.4byte	.LFB2
 320 0024 0C000000 		.4byte	.LFE2-.LFB2
 321 0028 00000000 		.4byte	.LFB3
 322 002c 0C000000 		.4byte	.LFE3-.LFB3
 323 0030 00000000 		.4byte	0
 324 0034 00000000 		.4byte	0
 325              		.section	.debug_ranges,"",%progbits
 326              	.Ldebug_ranges0:
 327 0000 00000000 		.4byte	.LFB0
 328 0004 0C000000 		.4byte	.LFE0
 329 0008 00000000 		.4byte	.LFB1
 330 000c 0C000000 		.4byte	.LFE1
 331 0010 00000000 		.4byte	.LFB2
 332 0014 0C000000 		.4byte	.LFE2
 333 0018 00000000 		.4byte	.LFB3
 334 001c 0C000000 		.4byte	.LFE3
 335 0020 00000000 		.4byte	0
 336 0024 00000000 		.4byte	0
 337              		.section	.debug_line,"",%progbits
 338              	.Ldebug_line0:
 339 0000 93000000 		.section	.debug_str,"MS",%progbits,1
 339      02004200 
 339      00000201 
 339      FB0E0D00 
 339      01010101 
 340              	.LASF6:
 341 0000 6C6F6E67 		.ascii	"long long int\000"
 341      206C6F6E 
 341      6720696E 
 341      7400
 342              	.LASF14:
 343 000e 4144435F 		.ascii	"ADC_DelSig_1_ISR2\000"
 343      44656C53 
 343      69675F31 
 343      5F495352 
 343      3200
 344              	.LASF19:
 345 0020 433A5C55 		.ascii	"C:\\Users\\Jakob Wilbrandt\\Documents\\2 Ikke priva"
 345      73657273 
 345      5C4A616B 
 345      6F622057 
 345      696C6272 
 346 004f 74655C41 		.ascii	"te\\AU\\AU oevelser\\MSE\\AmpOevelse\\MSEOevelse6\\"
 346      555C4155 
 346      206F6576 
 346      656C7365 
 346      725C4D53 
 347 007c 50534F43 		.ascii	"PSOC cretor\\EX 6 generel 20160818_1.cydsn\000"
 347      20637265 
 347      746F725C 
 347      45582036 
 347      2067656E 
 348              	.LASF5:
 349 00a6 6C6F6E67 		.ascii	"long unsigned int\000"
 349      20756E73 
ARM GAS  C:\Users\JAKOBW~1\AppData\Local\Temp\ccLoSWvQ.s 			page 11


 349      69676E65 
 349      6420696E 
 349      7400
 350              	.LASF13:
 351 00b8 4144435F 		.ascii	"ADC_DelSig_1_ISR1\000"
 351      44656C53 
 351      69675F31 
 351      5F495352 
 351      3100
 352              	.LASF7:
 353 00ca 6C6F6E67 		.ascii	"long long unsigned int\000"
 353      206C6F6E 
 353      6720756E 
 353      7369676E 
 353      65642069 
 354              	.LASF15:
 355 00e1 4144435F 		.ascii	"ADC_DelSig_1_ISR3\000"
 355      44656C53 
 355      69675F31 
 355      5F495352 
 355      3300
 356              	.LASF16:
 357 00f3 4144435F 		.ascii	"ADC_DelSig_1_ISR4\000"
 357      44656C53 
 357      69675F31 
 357      5F495352 
 357      3400
 358              	.LASF1:
 359 0105 756E7369 		.ascii	"unsigned char\000"
 359      676E6564 
 359      20636861 
 359      7200
 360              	.LASF11:
 361 0113 63686172 		.ascii	"char\000"
 361      00
 362              	.LASF4:
 363 0118 6C6F6E67 		.ascii	"long int\000"
 363      20696E74 
 363      00
 364              	.LASF17:
 365 0121 474E5520 		.ascii	"GNU C 4.9.3 20150303 (release) [ARM/embedded-4_9-br"
 365      4320342E 
 365      392E3320 
 365      32303135 
 365      30333033 
 366 0154 616E6368 		.ascii	"anch revision 221220] -mcpu=cortex-m3 -mthumb -g -O"
 366      20726576 
 366      6973696F 
 366      6E203232 
 366      31323230 
 367 0187 30202D66 		.ascii	"0 -ffunction-sections -ffat-lto-objects\000"
 367      66756E63 
 367      74696F6E 
 367      2D736563 
 367      74696F6E 
 368              	.LASF18:
 369 01af 2E5C4765 		.ascii	".\\Generated_Source\\PSoC5\\ADC_DelSig_1_INT.c\000"
ARM GAS  C:\Users\JAKOBW~1\AppData\Local\Temp\ccLoSWvQ.s 			page 12


 369      6E657261 
 369      7465645F 
 369      536F7572 
 369      63655C50 
 370              	.LASF10:
 371 01db 646F7562 		.ascii	"double\000"
 371      6C6500
 372              	.LASF3:
 373 01e2 73686F72 		.ascii	"short unsigned int\000"
 373      7420756E 
 373      7369676E 
 373      65642069 
 373      6E7400
 374              	.LASF0:
 375 01f5 7369676E 		.ascii	"signed char\000"
 375      65642063 
 375      68617200 
 376              	.LASF9:
 377 0201 666C6F61 		.ascii	"float\000"
 377      7400
 378              	.LASF2:
 379 0207 73686F72 		.ascii	"short int\000"
 379      7420696E 
 379      7400
 380              	.LASF8:
 381 0211 756E7369 		.ascii	"unsigned int\000"
 381      676E6564 
 381      20696E74 
 381      00
 382              	.LASF12:
 383 021e 73697A65 		.ascii	"sizetype\000"
 383      74797065 
 383      00
 384              		.ident	"GCC: (GNU Tools for ARM Embedded Processors) 4.9.3 20150303 (release) [ARM/embedded-4_9-br
